<?xml version="1.0" encoding="UTF-8"?>
<testng-results skipped="0" failed="0" ignored="0" total="1" passed="1">
  <reporter-output>
  </reporter-output>
  <suite name="Default suite" duration-ms="6348" started-at="2021-09-15T20:54:49 EDT" finished-at="2021-09-15T20:54:55 EDT">
    <groups>
    </groups>
    <test name="Default test" duration-ms="6348" started-at="2021-09-15T20:54:49 EDT" finished-at="2021-09-15T20:54:55 EDT">
      <class name="TestScripts.TestClass">
        <test-method status="PASS" signature="beforeTest()[pri:0, instance:TestScripts.TestClass@307f6b8c]" name="beforeTest" is-config="true" duration-ms="10" started-at="2021-09-15T20:54:49 EDT" finished-at="2021-09-15T20:54:49 EDT">
          <reporter-output>
          </reporter-output>
        </test-method> <!-- beforeTest -->
        <test-method status="PASS" signature="test()[pri:0, instance:TestScripts.TestClass@307f6b8c]" name="test" duration-ms="5527" started-at="2021-09-15T20:54:49 EDT" finished-at="2021-09-15T20:54:54 EDT">
          <reporter-output>
          </reporter-output>
        </test-method> <!-- test -->
        <test-method status="PASS" signature="afterTest()[pri:0, instance:TestScripts.TestClass@307f6b8c]" name="afterTest" is-config="true" duration-ms="756" started-at="2021-09-15T20:54:54 EDT" finished-at="2021-09-15T20:54:55 EDT">
          <reporter-output>
          </reporter-output>
        </test-method> <!-- afterTest -->
      </class> <!-- TestScripts.TestClass -->
    </test> <!-- Default test -->
  </suite> <!-- Default suite -->
</testng-results>
